;  LST file generated by mikroListExporter - v.2.0 
; Date/Time: 7/31/2023 6:02:42 PM
;----------------------------------------------

;Address Opcode 	ASM
0x0000	0x2816      	GOTO       22
_____DoICP:
;__Lib_System.c,6 :: 		
;__Lib_System.c,9 :: 		
0x0003	0x1283      	BCF        STATUS, 5
0x0004	0x1303      	BCF        STATUS, 6
0x0005	0x0855      	MOVF       ___DoICPAddr+1, 0
0x0006	0x008A      	MOVWF      PCLATH
;__Lib_System.c,10 :: 		
0x0007	0x0854      	MOVF       ___DoICPAddr, 0
0x0008	0x0082      	MOVWF      PCL
;__Lib_System.c,12 :: 		
L_end_____DoICP:
0x0009	0x0008      	RETURN
; end of _____DoICP
___CC2DW:
;__Lib_System.c,134 :: 		
;__Lib_System.c,137 :: 		
_CC2D_Loop1:
;__Lib_System.c,139 :: 		
0x000A	0x2003      	CALL       _____DoICP
0x000B	0x118A      	BCF        PCLATH, 3
0x000C	0x120A      	BCF        PCLATH, 4
;__Lib_System.c,141 :: 		
0x000D	0x0080      	MOVWF      INDF
;__Lib_System.c,142 :: 		
0x000E	0x0A84      	INCF       FSR, 1
;__Lib_System.c,143 :: 		
0x000F	0x0AD4      	INCF       ___DoICPAddr, 1
;__Lib_System.c,145 :: 		
0x0010	0x1903      	BTFSC      STATUS, 2
;__Lib_System.c,146 :: 		
0x0011	0x0AD5      	INCF       ___DoICPAddr+1, 1
;__Lib_System.c,147 :: 		
0x0012	0x03F0      	DECF       R0, 1
;__Lib_System.c,149 :: 		
0x0013	0x1D03      	BTFSS      STATUS, 2
;__Lib_System.c,150 :: 		
0x0014	0x280A      	GOTO       _CC2D_Loop1
;__Lib_System.c,152 :: 		
L_end___CC2DW:
0x0015	0x0008      	RETURN
; end of ___CC2DW
_main:
0x0016	0x2174      	CALL       372
;traffic-light.c,4 :: 		void main() {
;traffic-light.c,5 :: 		adcon1 = 6;
0x0017	0x3006      	MOVLW      6
0x0018	0x1683      	BSF        STATUS, 5
0x0019	0x1303      	BCF        STATUS, 6
0x001A	0x009F      	MOVWF      ADCON1
;traffic-light.c,6 :: 		trise.B0 = 1;
0x001B	0x1409      	BSF        TRISE, 0
;traffic-light.c,7 :: 		trise.B2 = 1;
0x001C	0x1509      	BSF        TRISE, 2
;traffic-light.c,8 :: 		trisb = 0;
0x001D	0x0186      	CLRF       TRISB
;traffic-light.c,9 :: 		trisc = 0;
0x001E	0x0187      	CLRF       TRISC
;traffic-light.c,10 :: 		portc = 255 ;
0x001F	0x30FF      	MOVLW      255
0x0020	0x1283      	BCF        STATUS, 5
0x0021	0x0087      	MOVWF      PORTC
;traffic-light.c,11 :: 		trisd = 0;
0x0022	0x1683      	BSF        STATUS, 5
0x0023	0x0188      	CLRF       TRISD
;traffic-light.c,12 :: 		while(1) {
L_main0:
;traffic-light.c,13 :: 		while (portE.B0 == 1) {
L_main2:
0x0024	0x1283      	BCF        STATUS, 5
0x0025	0x1C09      	BTFSS      PORTE, 0
0x0026	0x28BD      	GOTO       L_main3
;traffic-light.c,14 :: 		portc = 255 ;
0x0027	0x30FF      	MOVLW      255
0x0028	0x0087      	MOVWF      PORTC
;traffic-light.c,15 :: 		portd = 33;
0x0029	0x3021      	MOVLW      33
0x002A	0x0088      	MOVWF      PORTD
;traffic-light.c,17 :: 		if(flag == 0)
0x002B	0x3000      	MOVLW      0
0x002C	0x0621      	XORWF      _flag+1, 0
0x002D	0x1D03      	BTFSS      STATUS, 2
0x002E	0x2831      	GOTO       L__main44
0x002F	0x3000      	MOVLW      0
0x0030	0x0620      	XORWF      _flag, 0
L__main44:
0x0031	0x1D03      	BTFSS      STATUS, 2
0x0032	0x2874      	GOTO       L_main4
;traffic-light.c,19 :: 		for (count2 = 23; count2 >= 0; count2--) {
0x0033	0x3017      	MOVLW      23
0x0034	0x00A2      	MOVWF      _count2
0x0035	0x3000      	MOVLW      0
0x0036	0x00A3      	MOVWF      _count2+1
L_main5:
0x0037	0x3080      	MOVLW      128
0x0038	0x0623      	XORWF      _count2+1, 0
0x0039	0x00F0      	MOVWF      R0
0x003A	0x3080      	MOVLW      128
0x003B	0x0270      	SUBWF      R0, 0
0x003C	0x1D03      	BTFSS      STATUS, 2
0x003D	0x2840      	GOTO       L__main45
0x003E	0x3000      	MOVLW      0
0x003F	0x0222      	SUBWF      _count2, 0
L__main45:
0x0040	0x1C03      	BTFSS      STATUS, 0
0x0041	0x2873      	GOTO       L_main6
;traffic-light.c,20 :: 		if (portE.b0 == 0) {
0x0042	0x1809      	BTFSC      PORTE, 0
0x0043	0x2845      	GOTO       L_main8
;traffic-light.c,21 :: 		break;
0x0044	0x2873      	GOTO       L_main6
;traffic-light.c,22 :: 		}
L_main8:
;traffic-light.c,24 :: 		if (count2 <= 3) {
0x0045	0x3080      	MOVLW      128
0x0046	0x00F0      	MOVWF      R0
0x0047	0x3080      	MOVLW      128
0x0048	0x0623      	XORWF      _count2+1, 0
0x0049	0x0270      	SUBWF      R0, 0
0x004A	0x1D03      	BTFSS      STATUS, 2
0x004B	0x284E      	GOTO       L__main46
0x004C	0x0822      	MOVF       _count2, 0
0x004D	0x3C03      	SUBLW      3
L__main46:
0x004E	0x1C03      	BTFSS      STATUS, 0
0x004F	0x2852      	GOTO       L_main10
;traffic-light.c,25 :: 		portd = 17;
0x0050	0x3011      	MOVLW      17
0x0051	0x0088      	MOVWF      PORTD
;traffic-light.c,26 :: 		}
L_main10:
;traffic-light.c,27 :: 		portb = arr[count2];
0x0052	0x0822      	MOVF       _count2, 0
0x0053	0x00F0      	MOVWF      R0
0x0054	0x0823      	MOVF       _count2+1, 0
0x0055	0x00F1      	MOVWF      R0+1
0x0056	0x0DF0      	RLF        R0, 1
0x0057	0x0DF1      	RLF        R0+1, 1
0x0058	0x1070      	BCF        R0, 0
0x0059	0x0870      	MOVF       R0, 0
0x005A	0x3E24      	ADDLW      _arr
0x005B	0x0084      	MOVWF      FSR
0x005C	0x0800      	MOVF       INDF, 0
0x005D	0x0086      	MOVWF      PORTB
;traffic-light.c,28 :: 		delay_ms(400);
0x005E	0x3005      	MOVLW      5
0x005F	0x00FB      	MOVWF      R11
0x0060	0x300F      	MOVLW      15
0x0061	0x00FC      	MOVWF      R12
0x0062	0x30F1      	MOVLW      241
0x0063	0x00FD      	MOVWF      R13
L_main11:
0x0064	0x0BFD      	DECFSZ     R13, 1
0x0065	0x2864      	GOTO       L_main11
0x0066	0x0BFC      	DECFSZ     R12, 1
0x0067	0x2864      	GOTO       L_main11
0x0068	0x0BFB      	DECFSZ     R11, 1
0x0069	0x2864      	GOTO       L_main11
;traffic-light.c,30 :: 		flag = 1 ;
0x006A	0x3001      	MOVLW      1
0x006B	0x00A0      	MOVWF      _flag
0x006C	0x3000      	MOVLW      0
0x006D	0x00A1      	MOVWF      _flag+1
;traffic-light.c,19 :: 		for (count2 = 23; count2 >= 0; count2--) {
0x006E	0x3001      	MOVLW      1
0x006F	0x02A2      	SUBWF      _count2, 1
0x0070	0x1C03      	BTFSS      STATUS, 0
0x0071	0x03A3      	DECF       _count2+1, 1
;traffic-light.c,31 :: 		}
0x0072	0x2837      	GOTO       L_main5
L_main6:
;traffic-light.c,32 :: 		}
0x0073	0x28BC      	GOTO       L_main12
L_main4:
;traffic-light.c,33 :: 		else if(flag == 1)
0x0074	0x3000      	MOVLW      0
0x0075	0x0621      	XORWF      _flag+1, 0
0x0076	0x1D03      	BTFSS      STATUS, 2
0x0077	0x287A      	GOTO       L__main47
0x0078	0x3001      	MOVLW      1
0x0079	0x0620      	XORWF      _flag, 0
L__main47:
0x007A	0x1D03      	BTFSS      STATUS, 2
0x007B	0x28BC      	GOTO       L_main13
;traffic-light.c,35 :: 		portd = 12;
0x007C	0x300C      	MOVLW      12
0x007D	0x0088      	MOVWF      PORTD
;traffic-light.c,36 :: 		for (count2 = 15; count2 >= 0; count2--) {
0x007E	0x300F      	MOVLW      15
0x007F	0x00A2      	MOVWF      _count2
0x0080	0x3000      	MOVLW      0
0x0081	0x00A3      	MOVWF      _count2+1
L_main14:
0x0082	0x3080      	MOVLW      128
0x0083	0x0623      	XORWF      _count2+1, 0
0x0084	0x00F0      	MOVWF      R0
0x0085	0x3080      	MOVLW      128
0x0086	0x0270      	SUBWF      R0, 0
0x0087	0x1D03      	BTFSS      STATUS, 2
0x0088	0x288B      	GOTO       L__main48
0x0089	0x3000      	MOVLW      0
0x008A	0x0222      	SUBWF      _count2, 0
L__main48:
0x008B	0x1C03      	BTFSS      STATUS, 0
0x008C	0x28BA      	GOTO       L_main15
;traffic-light.c,37 :: 		if (portE.b0 == 0) {
0x008D	0x1809      	BTFSC      PORTE, 0
0x008E	0x2890      	GOTO       L_main17
;traffic-light.c,38 :: 		break;
0x008F	0x28BA      	GOTO       L_main15
;traffic-light.c,39 :: 		}
L_main17:
;traffic-light.c,41 :: 		if (count2 <= 3) {
0x0090	0x3080      	MOVLW      128
0x0091	0x00F0      	MOVWF      R0
0x0092	0x3080      	MOVLW      128
0x0093	0x0623      	XORWF      _count2+1, 0
0x0094	0x0270      	SUBWF      R0, 0
0x0095	0x1D03      	BTFSS      STATUS, 2
0x0096	0x2899      	GOTO       L__main49
0x0097	0x0822      	MOVF       _count2, 0
0x0098	0x3C03      	SUBLW      3
L__main49:
0x0099	0x1C03      	BTFSS      STATUS, 0
0x009A	0x289D      	GOTO       L_main19
;traffic-light.c,42 :: 		portd = 10;
0x009B	0x300A      	MOVLW      10
0x009C	0x0088      	MOVWF      PORTD
;traffic-light.c,43 :: 		}
L_main19:
;traffic-light.c,44 :: 		portb = arr[count2];
0x009D	0x0822      	MOVF       _count2, 0
0x009E	0x00F0      	MOVWF      R0
0x009F	0x0823      	MOVF       _count2+1, 0
0x00A0	0x00F1      	MOVWF      R0+1
0x00A1	0x0DF0      	RLF        R0, 1
0x00A2	0x0DF1      	RLF        R0+1, 1
0x00A3	0x1070      	BCF        R0, 0
0x00A4	0x0870      	MOVF       R0, 0
0x00A5	0x3E24      	ADDLW      _arr
0x00A6	0x0084      	MOVWF      FSR
0x00A7	0x0800      	MOVF       INDF, 0
0x00A8	0x0086      	MOVWF      PORTB
;traffic-light.c,45 :: 		delay_ms(400);
0x00A9	0x3005      	MOVLW      5
0x00AA	0x00FB      	MOVWF      R11
0x00AB	0x300F      	MOVLW      15
0x00AC	0x00FC      	MOVWF      R12
0x00AD	0x30F1      	MOVLW      241
0x00AE	0x00FD      	MOVWF      R13
L_main20:
0x00AF	0x0BFD      	DECFSZ     R13, 1
0x00B0	0x28AF      	GOTO       L_main20
0x00B1	0x0BFC      	DECFSZ     R12, 1
0x00B2	0x28AF      	GOTO       L_main20
0x00B3	0x0BFB      	DECFSZ     R11, 1
0x00B4	0x28AF      	GOTO       L_main20
;traffic-light.c,36 :: 		for (count2 = 15; count2 >= 0; count2--) {
0x00B5	0x3001      	MOVLW      1
0x00B6	0x02A2      	SUBWF      _count2, 1
0x00B7	0x1C03      	BTFSS      STATUS, 0
0x00B8	0x03A3      	DECF       _count2+1, 1
;traffic-light.c,47 :: 		}
0x00B9	0x2882      	GOTO       L_main14
L_main15:
;traffic-light.c,48 :: 		flag = 0 ;
0x00BA	0x01A0      	CLRF       _flag
0x00BB	0x01A1      	CLRF       _flag+1
;traffic-light.c,49 :: 		}
L_main13:
L_main12:
;traffic-light.c,50 :: 		}
0x00BC	0x2824      	GOTO       L_main2
L_main3:
;traffic-light.c,51 :: 		while (portE.B0 == 0) {
L_main21:
0x00BD	0x1809      	BTFSC      PORTE, 0
0x00BE	0x2939      	GOTO       L_main22
;traffic-light.c,52 :: 		if (portE.B2 == 1) {
0x00BF	0x1D09      	BTFSS      PORTE, 2
0x00C0	0x28FC      	GOTO       L_main23
;traffic-light.c,53 :: 		portc = 0b00000011 ;
0x00C1	0x3003      	MOVLW      3
0x00C2	0x0087      	MOVWF      PORTC
;traffic-light.c,54 :: 		for (count2 = 3; count2 >= 0; count2--) {
0x00C3	0x3003      	MOVLW      3
0x00C4	0x00A2      	MOVWF      _count2
0x00C5	0x3000      	MOVLW      0
0x00C6	0x00A3      	MOVWF      _count2+1
L_main24:
0x00C7	0x3080      	MOVLW      128
0x00C8	0x0623      	XORWF      _count2+1, 0
0x00C9	0x00F0      	MOVWF      R0
0x00CA	0x3080      	MOVLW      128
0x00CB	0x0270      	SUBWF      R0, 0
0x00CC	0x1D03      	BTFSS      STATUS, 2
0x00CD	0x28D0      	GOTO       L__main50
0x00CE	0x3000      	MOVLW      0
0x00CF	0x0222      	SUBWF      _count2, 0
L__main50:
0x00D0	0x1C03      	BTFSS      STATUS, 0
0x00D1	0x28F1      	GOTO       L_main25
;traffic-light.c,55 :: 		portb = arr[count2];
0x00D2	0x0822      	MOVF       _count2, 0
0x00D3	0x00F0      	MOVWF      R0
0x00D4	0x0823      	MOVF       _count2+1, 0
0x00D5	0x00F1      	MOVWF      R0+1
0x00D6	0x0DF0      	RLF        R0, 1
0x00D7	0x0DF1      	RLF        R0+1, 1
0x00D8	0x1070      	BCF        R0, 0
0x00D9	0x0870      	MOVF       R0, 0
0x00DA	0x3E24      	ADDLW      _arr
0x00DB	0x0084      	MOVWF      FSR
0x00DC	0x0800      	MOVF       INDF, 0
0x00DD	0x0086      	MOVWF      PORTB
;traffic-light.c,56 :: 		portd = 10;
0x00DE	0x300A      	MOVLW      10
0x00DF	0x0088      	MOVWF      PORTD
;traffic-light.c,57 :: 		delay_ms(400);
0x00E0	0x3005      	MOVLW      5
0x00E1	0x00FB      	MOVWF      R11
0x00E2	0x300F      	MOVLW      15
0x00E3	0x00FC      	MOVWF      R12
0x00E4	0x30F1      	MOVLW      241
0x00E5	0x00FD      	MOVWF      R13
L_main27:
0x00E6	0x0BFD      	DECFSZ     R13, 1
0x00E7	0x28E6      	GOTO       L_main27
0x00E8	0x0BFC      	DECFSZ     R12, 1
0x00E9	0x28E6      	GOTO       L_main27
0x00EA	0x0BFB      	DECFSZ     R11, 1
0x00EB	0x28E6      	GOTO       L_main27
;traffic-light.c,54 :: 		for (count2 = 3; count2 >= 0; count2--) {
0x00EC	0x3001      	MOVLW      1
0x00ED	0x02A2      	SUBWF      _count2, 1
0x00EE	0x1C03      	BTFSS      STATUS, 0
0x00EF	0x03A3      	DECF       _count2+1, 1
;traffic-light.c,58 :: 		}
0x00F0	0x28C7      	GOTO       L_main24
L_main25:
;traffic-light.c,59 :: 		portc = 0 ;
0x00F1	0x0187      	CLRF       PORTC
;traffic-light.c,60 :: 		while (portE.B0 == 0 && portE.B2 == 1) {
L_main28:
0x00F2	0x1809      	BTFSC      PORTE, 0
0x00F3	0x28FB      	GOTO       L_main29
0x00F4	0x1D09      	BTFSS      PORTE, 2
0x00F5	0x28FB      	GOTO       L_main29
L__main42:
;traffic-light.c,61 :: 		portd = 33;
0x00F6	0x3021      	MOVLW      33
0x00F7	0x0088      	MOVWF      PORTD
;traffic-light.c,62 :: 		flag = 0 ;
0x00F8	0x01A0      	CLRF       _flag
0x00F9	0x01A1      	CLRF       _flag+1
;traffic-light.c,63 :: 		}
0x00FA	0x28F2      	GOTO       L_main28
L_main29:
;traffic-light.c,64 :: 		}
0x00FB	0x2938      	GOTO       L_main32
L_main23:
;traffic-light.c,66 :: 		portd = 17;
0x00FC	0x3011      	MOVLW      17
0x00FD	0x0088      	MOVWF      PORTD
;traffic-light.c,67 :: 		portc = 0b00001100 ;
0x00FE	0x300C      	MOVLW      12
0x00FF	0x0087      	MOVWF      PORTC
;traffic-light.c,68 :: 		for (count2 = 3; count2 >= 0; count2--) {
0x0100	0x3003      	MOVLW      3
0x0101	0x00A2      	MOVWF      _count2
0x0102	0x3000      	MOVLW      0
0x0103	0x00A3      	MOVWF      _count2+1
L_main33:
0x0104	0x3080      	MOVLW      128
0x0105	0x0623      	XORWF      _count2+1, 0
0x0106	0x00F0      	MOVWF      R0
0x0107	0x3080      	MOVLW      128
0x0108	0x0270      	SUBWF      R0, 0
0x0109	0x1D03      	BTFSS      STATUS, 2
0x010A	0x290D      	GOTO       L__main51
0x010B	0x3000      	MOVLW      0
0x010C	0x0222      	SUBWF      _count2, 0
L__main51:
0x010D	0x1C03      	BTFSS      STATUS, 0
0x010E	0x292C      	GOTO       L_main34
;traffic-light.c,69 :: 		portb = arr[count2];
0x010F	0x0822      	MOVF       _count2, 0
0x0110	0x00F0      	MOVWF      R0
0x0111	0x0823      	MOVF       _count2+1, 0
0x0112	0x00F1      	MOVWF      R0+1
0x0113	0x0DF0      	RLF        R0, 1
0x0114	0x0DF1      	RLF        R0+1, 1
0x0115	0x1070      	BCF        R0, 0
0x0116	0x0870      	MOVF       R0, 0
0x0117	0x3E24      	ADDLW      _arr
0x0118	0x0084      	MOVWF      FSR
0x0119	0x0800      	MOVF       INDF, 0
0x011A	0x0086      	MOVWF      PORTB
;traffic-light.c,70 :: 		delay_ms(400) ;
0x011B	0x3005      	MOVLW      5
0x011C	0x00FB      	MOVWF      R11
0x011D	0x300F      	MOVLW      15
0x011E	0x00FC      	MOVWF      R12
0x011F	0x30F1      	MOVLW      241
0x0120	0x00FD      	MOVWF      R13
L_main36:
0x0121	0x0BFD      	DECFSZ     R13, 1
0x0122	0x2921      	GOTO       L_main36
0x0123	0x0BFC      	DECFSZ     R12, 1
0x0124	0x2921      	GOTO       L_main36
0x0125	0x0BFB      	DECFSZ     R11, 1
0x0126	0x2921      	GOTO       L_main36
;traffic-light.c,68 :: 		for (count2 = 3; count2 >= 0; count2--) {
0x0127	0x3001      	MOVLW      1
0x0128	0x02A2      	SUBWF      _count2, 1
0x0129	0x1C03      	BTFSS      STATUS, 0
0x012A	0x03A3      	DECF       _count2+1, 1
;traffic-light.c,71 :: 		}
0x012B	0x2904      	GOTO       L_main33
L_main34:
;traffic-light.c,72 :: 		portc = 0 ;
0x012C	0x0187      	CLRF       PORTC
;traffic-light.c,73 :: 		while (portE.B0 == 0 && portE.B2 == 0) {
L_main37:
0x012D	0x1809      	BTFSC      PORTE, 0
0x012E	0x2938      	GOTO       L_main38
0x012F	0x1909      	BTFSC      PORTE, 2
0x0130	0x2938      	GOTO       L_main38
L__main41:
;traffic-light.c,74 :: 		portd = 12;
0x0131	0x300C      	MOVLW      12
0x0132	0x0088      	MOVWF      PORTD
;traffic-light.c,75 :: 		flag = 1 ;
0x0133	0x3001      	MOVLW      1
0x0134	0x00A0      	MOVWF      _flag
0x0135	0x3000      	MOVLW      0
0x0136	0x00A1      	MOVWF      _flag+1
;traffic-light.c,76 :: 		}
0x0137	0x292D      	GOTO       L_main37
L_main38:
;traffic-light.c,77 :: 		}
L_main32:
;traffic-light.c,78 :: 		}
0x0138	0x28BD      	GOTO       L_main21
L_main22:
;traffic-light.c,79 :: 		}
0x0139	0x2824      	GOTO       L_main0
;traffic-light.c,80 :: 		}
L_end_main:
0x013A	0x293A      	GOTO       $+0
; end of _main
0x0174	0x3020      	MOVLW      32
0x0175	0x0084      	MOVWF      FSR
0x0176	0x3034      	MOVLW      52
0x0177	0x1283      	BCF        STATUS, 5
0x0178	0x1303      	BCF        STATUS, 6
0x0179	0x00F0      	MOVWF      R0
0x017A	0x3040      	MOVLW      64
0x017B	0x00D4      	MOVWF      ___DoICPAddr
0x017C	0x3001      	MOVLW      1
0x017D	0x00D5      	MOVWF      85
0x017E	0x200A      	CALL       10
0x017F	0x0008      	RETURN
;traffic-light.c,0 :: ?ICS_flag
0x0140	0x3400 ;?ICS_flag+0
0x0141	0x3400 ;?ICS_flag+1
; end of ?ICS_flag
;traffic-light.c,0 :: ?ICS_count2
0x0142	0x3400 ;?ICS_count2+0
0x0143	0x3400 ;?ICS_count2+1
; end of ?ICS_count2
;traffic-light.c,0 :: ?ICS_arr
0x0144	0x3400 ;?ICS_arr+0
0x0145	0x3400 ;?ICS_arr+1
0x0146	0x3401 ;?ICS_arr+2
0x0147	0x3400 ;?ICS_arr+3
0x0148	0x3402 ;?ICS_arr+4
0x0149	0x3400 ;?ICS_arr+5
0x014A	0x3403 ;?ICS_arr+6
0x014B	0x3400 ;?ICS_arr+7
0x014C	0x3404 ;?ICS_arr+8
0x014D	0x3400 ;?ICS_arr+9
0x014E	0x3405 ;?ICS_arr+10
0x014F	0x3400 ;?ICS_arr+11
0x0150	0x3406 ;?ICS_arr+12
0x0151	0x3400 ;?ICS_arr+13
0x0152	0x3407 ;?ICS_arr+14
0x0153	0x3400 ;?ICS_arr+15
0x0154	0x3408 ;?ICS_arr+16
0x0155	0x3400 ;?ICS_arr+17
0x0156	0x3409 ;?ICS_arr+18
0x0157	0x3400 ;?ICS_arr+19
0x0158	0x3410 ;?ICS_arr+20
0x0159	0x3400 ;?ICS_arr+21
0x015A	0x3411 ;?ICS_arr+22
0x015B	0x3400 ;?ICS_arr+23
0x015C	0x3412 ;?ICS_arr+24
0x015D	0x3400 ;?ICS_arr+25
0x015E	0x3413 ;?ICS_arr+26
0x015F	0x3400 ;?ICS_arr+27
0x0160	0x3414 ;?ICS_arr+28
0x0161	0x3400 ;?ICS_arr+29
0x0162	0x3415 ;?ICS_arr+30
0x0163	0x3400 ;?ICS_arr+31
0x0164	0x3416 ;?ICS_arr+32
0x0165	0x3400 ;?ICS_arr+33
0x0166	0x3417 ;?ICS_arr+34
0x0167	0x3400 ;?ICS_arr+35
0x0168	0x3418 ;?ICS_arr+36
0x0169	0x3400 ;?ICS_arr+37
0x016A	0x3419 ;?ICS_arr+38
0x016B	0x3400 ;?ICS_arr+39
0x016C	0x3420 ;?ICS_arr+40
0x016D	0x3400 ;?ICS_arr+41
0x016E	0x3421 ;?ICS_arr+42
0x016F	0x3400 ;?ICS_arr+43
0x0170	0x3422 ;?ICS_arr+44
0x0171	0x3400 ;?ICS_arr+45
0x0172	0x3423 ;?ICS_arr+46
0x0173	0x3400 ;?ICS_arr+47
; end of ?ICS_arr
Symbol List:
//** Routines locations **
//ADDRESS    SIZE    PROCEDURE
//----------------------------------------------
0x0003       [7]    _____DoICP
0x000A      [12]    ___CC2DW
0x0016     [292]    _main
//** Variables locations ** 
//ADDRESS    SIZE    VARIABLE
//----------------------------------------------
0x0000       [1]    INDF
0x0002       [1]    PCL
0x0003       [1]    STATUS
0x0004       [1]    FSR
0x0006       [1]    PORTB
0x0007       [1]    PORTC
0x0008       [1]    PORTD
0x0009       [1]    PORTE
0x000A       [1]    PCLATH
0x0020       [2]    _flag
0x0022       [2]    _count2
0x0024      [48]    _arr
0x0054       [2]    ___DoICPAddr
0x0070       [1]    R0
0x0071       [1]    R1
0x0072       [1]    R2
0x0073       [1]    R3
0x0074       [1]    R4
0x0075       [1]    R5
0x0076       [1]    R6
0x0077       [1]    R7
0x0078       [1]    R8
0x0079       [1]    R9
0x007A       [1]    R10
0x007B       [1]    R11
0x007C       [1]    R12
0x007D       [1]    R13
0x007E       [1]    R14
0x007F       [1]    R15
0x0086       [1]    TRISB
0x0087       [1]    TRISC
0x0088       [1]    TRISD
0x0089       [1]    TRISE
0x009F       [1]    ADCON1
//** Constants locations ** 
//ADDRESS    SIZE    CONSTANT
//----------------------------------------------
0x0140       [2]    ?ICS_flag
0x0142       [2]    ?ICS_count2
0x0144      [48]    ?ICS_arr
//** Label List: ** 
//----------------------------------------------
  L_main0
  L_main1
  L_main2
  L_main3
  L_main4
  L_main5
  L_main6
  L_main7
  L_main8
  L_main9
  L_main10
  L_main11
  L_main12
  L_main13
  L_main14
  L_main15
  L_main16
  L_main17
  L_main18
  L_main19
  L_main20
  L_main21
  L_main22
  L_main23
  L_main24
  L_main25
  L_main26
  L_main27
  L_main28
  L_main29
  L_main30
  L_main31
  L_main32
  L_main33
  L_main34
  L_main35
  L_main36
  L_main37
  L_main38
  L_main39
  L_main40
  L__main41
  L__main42
  L_end_main
  _main
  L__main44
  L__main45
  L__main46
  L__main47
  L__main48
  L__main49
  L__main50
  L__main51
  L_loopCA2AWs
  L_CA2AWend
  _CCA2AW_Loop1
  L_loopCS2Ss
  L_CS2Send
  _CCS2S_Loop1
  L_CCS2Send
  L_loopFZinSWs
  L_FZinSend
  _CC2D_Loop1
  L_end_____DoICP
  _____DoICP
  L_end_____DoIFC
  _____DoIFC
  L_end___CA2AW
  ___CA2AW
  L_end___CCA2AW
  ___CCA2AW
  L_end___CS2S
  ___CS2S
  L_end___CCS2S
  ___CCS2S
  L_end___FZinS
  ___FZinS
  L_end___CC2DW
  ___CC2DW
  L_end_Swap
  _Swap
